<?xml version="1.0" encoding="UTF-8"?>
<testng-results skipped="0" failed="0" ignored="0" total="1" passed="1">
  <reporter-output>
    <line>
      <![CDATA[[[ChromeDriver: chrome on XP (87887609ba9eed5c200c862f4044ce24)] -> xpath: //span[text()='Sign In']] is present]]>
    </line>
    <line>
      <![CDATA[[[ChromeDriver: chrome on XP (87887609ba9eed5c200c862f4044ce24)] -> id: emailId] is present]]>
    </line>
    <line>
      <![CDATA[[[ChromeDriver: chrome on XP (87887609ba9eed5c200c862f4044ce24)] -> id: continueBtn] is present]]>
    </line>
    <line>
      <![CDATA[[[ChromeDriver: chrome on XP (87887609ba9eed5c200c862f4044ce24)] -> id: set-password] is present]]>
    </line>
    <line>
      <![CDATA[[[ChromeDriver: chrome on XP (87887609ba9eed5c200c862f4044ce24)] -> xpath: //label[@for='term-checkbox']] is present]]>
    </line>
    <line>
      <![CDATA[[[ChromeDriver: chrome on XP (87887609ba9eed5c200c862f4044ce24)] -> xpath: //label[@for='term-checkbox']] is present]]>
    </line>
    <line>
      <![CDATA[[[ChromeDriver: chrome on XP (87887609ba9eed5c200c862f4044ce24)] -> xpath: //div[text()='Register']] is present]]>
    </line>
    <line>
      <![CDATA[[[ChromeDriver: chrome on XP (87887609ba9eed5c200c862f4044ce24)] -> xpath: //i[@class='icon first_arrow hidden-xs']] is present]]>
    </line>
    <line>
      <![CDATA[[[ChromeDriver: chrome on XP (87887609ba9eed5c200c862f4044ce24)] -> xpath: //i[@class='icon logout']] is present]]>
    </line>
    <line>
      <![CDATA[[[ChromeDriver: chrome on XP (87887609ba9eed5c200c862f4044ce24)] -> xpath: //span[text()='Sign In']] is present]]>
    </line>
    <line>
      <![CDATA[[[ChromeDriver: chrome on XP (87887609ba9eed5c200c862f4044ce24)] -> id: emailId] is present]]>
    </line>
    <line>
      <![CDATA[[[ChromeDriver: chrome on XP (87887609ba9eed5c200c862f4044ce24)] -> id: continueBtn] is present]]>
    </line>
    <line>
      <![CDATA[[[ChromeDriver: chrome on XP (87887609ba9eed5c200c862f4044ce24)] -> id: set-password] is present]]>
    </line>
    <line>
      <![CDATA[[[ChromeDriver: chrome on XP (87887609ba9eed5c200c862f4044ce24)] -> xpath: //label[@for='term-checkbox']] is present]]>
    </line>
    <line>
      <![CDATA[[[ChromeDriver: chrome on XP (87887609ba9eed5c200c862f4044ce24)] -> xpath: //label[@for='term-checkbox']] is present]]>
    </line>
    <line>
      <![CDATA[[[ChromeDriver: chrome on XP (87887609ba9eed5c200c862f4044ce24)] -> xpath: //div[text()='Register']] is present]]>
    </line>
    <line>
      <![CDATA[[[ChromeDriver: chrome on XP (87887609ba9eed5c200c862f4044ce24)] -> xpath: //i[@class='icon first_arrow hidden-xs']] is present]]>
    </line>
    <line>
      <![CDATA[[[ChromeDriver: chrome on XP (87887609ba9eed5c200c862f4044ce24)] -> xpath: //i[@class='icon logout']] is present]]>
    </line>
  </reporter-output>
  <suite name="CraftsVilla" duration-ms="44779" started-at="2018-06-10T18:16:53Z" finished-at="2018-06-10T18:17:38Z">
    <groups>
    </groups>
    <test name="Regression" duration-ms="44779" started-at="2018-06-10T18:16:53Z" finished-at="2018-06-10T18:17:38Z">
      <class name="com.craftsvilla.testscripts.SignInScripts">
        <test-method status="PASS" signature="openApp()[pri:0, instance:com.craftsvilla.testscripts.SignInScripts@e320068]" name="openApp" is-config="true" duration-ms="10548" started-at="2018-06-10T18:16:53Z" finished-at="2018-06-10T18:17:04Z">
          <reporter-output>
          </reporter-output>
        </test-method> <!-- openApp -->
        <test-method status="PASS" signature="registerUser()[pri:0, instance:com.craftsvilla.testscripts.SignInScripts@e320068]" name="registerUser" duration-ms="34158" started-at="2018-06-10T18:17:04Z" finished-at="2018-06-10T18:17:38Z">
          <reporter-output>
            <line>
              <![CDATA[[[ChromeDriver: chrome on XP (87887609ba9eed5c200c862f4044ce24)] -> xpath: //span[text()='Sign In']] is present]]>
            </line>
            <line>
              <![CDATA[[[ChromeDriver: chrome on XP (87887609ba9eed5c200c862f4044ce24)] -> id: emailId] is present]]>
            </line>
            <line>
              <![CDATA[[[ChromeDriver: chrome on XP (87887609ba9eed5c200c862f4044ce24)] -> id: continueBtn] is present]]>
            </line>
            <line>
              <![CDATA[[[ChromeDriver: chrome on XP (87887609ba9eed5c200c862f4044ce24)] -> id: set-password] is present]]>
            </line>
            <line>
              <![CDATA[[[ChromeDriver: chrome on XP (87887609ba9eed5c200c862f4044ce24)] -> xpath: //label[@for='term-checkbox']] is present]]>
            </line>
            <line>
              <![CDATA[[[ChromeDriver: chrome on XP (87887609ba9eed5c200c862f4044ce24)] -> xpath: //label[@for='term-checkbox']] is present]]>
            </line>
            <line>
              <![CDATA[[[ChromeDriver: chrome on XP (87887609ba9eed5c200c862f4044ce24)] -> xpath: //div[text()='Register']] is present]]>
            </line>
            <line>
              <![CDATA[[[ChromeDriver: chrome on XP (87887609ba9eed5c200c862f4044ce24)] -> xpath: //i[@class='icon first_arrow hidden-xs']] is present]]>
            </line>
            <line>
              <![CDATA[[[ChromeDriver: chrome on XP (87887609ba9eed5c200c862f4044ce24)] -> xpath: //i[@class='icon logout']] is present]]>
            </line>
            <line>
              <![CDATA[[[ChromeDriver: chrome on XP (87887609ba9eed5c200c862f4044ce24)] -> xpath: //span[text()='Sign In']] is present]]>
            </line>
            <line>
              <![CDATA[[[ChromeDriver: chrome on XP (87887609ba9eed5c200c862f4044ce24)] -> id: emailId] is present]]>
            </line>
            <line>
              <![CDATA[[[ChromeDriver: chrome on XP (87887609ba9eed5c200c862f4044ce24)] -> id: continueBtn] is present]]>
            </line>
            <line>
              <![CDATA[[[ChromeDriver: chrome on XP (87887609ba9eed5c200c862f4044ce24)] -> id: set-password] is present]]>
            </line>
            <line>
              <![CDATA[[[ChromeDriver: chrome on XP (87887609ba9eed5c200c862f4044ce24)] -> xpath: //label[@for='term-checkbox']] is present]]>
            </line>
            <line>
              <![CDATA[[[ChromeDriver: chrome on XP (87887609ba9eed5c200c862f4044ce24)] -> xpath: //label[@for='term-checkbox']] is present]]>
            </line>
            <line>
              <![CDATA[[[ChromeDriver: chrome on XP (87887609ba9eed5c200c862f4044ce24)] -> xpath: //div[text()='Register']] is present]]>
            </line>
            <line>
              <![CDATA[[[ChromeDriver: chrome on XP (87887609ba9eed5c200c862f4044ce24)] -> xpath: //i[@class='icon first_arrow hidden-xs']] is present]]>
            </line>
            <line>
              <![CDATA[[[ChromeDriver: chrome on XP (87887609ba9eed5c200c862f4044ce24)] -> xpath: //i[@class='icon logout']] is present]]>
            </line>
          </reporter-output>
        </test-method> <!-- registerUser -->
      </class> <!-- com.craftsvilla.testscripts.SignInScripts -->
    </test> <!-- Regression -->
  </suite> <!-- CraftsVilla -->
</testng-results>
